msngr0/msngrandi/build/outputs/logs/manifest-merger-debug-report.txt
-- Merging decision tree log ---
manifest
ADDED from src/main/AndroidManifest.xml:2:1-86:12
	package
		ADDED from src/main/AndroidManifest.xml:3:5-40
		INJECTED from src/main/AndroidManifest.xml
		INJECTED from src/main/AndroidManifest.xml
	android:versionName
		ADDED from src/main/AndroidManifest.xml:5:5-30
		INJECTED from src/main/AndroidManifest.xml
		INJECTED from src/main/AndroidManifest.xml
	android:versionCode
		ADDED from src/main/AndroidManifest.xml:4:5-28
		INJECTED from src/main/AndroidManifest.xml
		INJECTED from src/main/AndroidManifest.xml
	xmlns:android
		ADDED from src/main/AndroidManifest.xml:2:11-69
uses-sdk
ADDED from src/main/AndroidManifest.xml:7:5-9:41
MERGED from [msngr:inswifiicandi:unspecified] AndroidManifest.xml:7:5-9:41
MERGED from [com.android.support:support-v4:22.2.1] AndroidManifest.xml:20:5-43
	android:targetSdkVersion
		ADDED from src/main/AndroidManifest.xml:9:9-38
		INJECTED from src/main/AndroidManifest.xml
		INJECTED from src/main/AndroidManifest.xml
	android:minSdkVersion
		ADDED from src/main/AndroidManifest.xml:8:9-35
		INJECTED from src/main/AndroidManifest.xml
		INJECTED from src/main/AndroidManifest.xml
uses-permission#de.tubs.ibr.dtn.permission.DTN_COMMUNICATION
ADDED from src/main/AndroidManifest.xml:11:5-84
MERGED from [msngr:inswifiicandi:unspecified] AndroidManifest.xml:11:5-84
	android:name
		ADDED from src/main/AndroidManifest.xml:11:22-81
uses-permission#in.swifiic.plat.app.suta.andi.USER
ADDED from src/main/AndroidManifest.xml:12:5-74
MERGED from [msngr:inswifiicandi:unspecified] AndroidManifest.xml:12:5-74
	android:name
		ADDED from src/main/AndroidManifest.xml:12:22-71
uses-permission#android.permission.READ_EXTERNAL_STORAGE
ADDED from src/main/AndroidManifest.xml:13:5-80
	android:name
		ADDED from src/main/AndroidManifest.xml:13:22-77
application
ADDED from src/main/AndroidManifest.xml:15:5-84:19
MERGED from [msngr:inswifiicandi:unspecified] AndroidManifest.xml:15:5-43:19
MERGED from [com.android.support:support-v4:22.2.1] AndroidManifest.xml:22:5-20
	android:label
		ADDED from src/main/AndroidManifest.xml:18:9-41
	android:allowBackup
		ADDED from src/main/AndroidManifest.xml:16:9-35
	android:icon
		ADDED from src/main/AndroidManifest.xml:17:9-45
	android:theme
		ADDED from src/main/AndroidManifest.xml:19:9-40
activity#in.swifiic.app.msngr.andi.MainActivity
ADDED from src/main/AndroidManifest.xml:20:9-25:71
	android:screenOrientation
		ADDED from src/main/AndroidManifest.xml:23:13-49
	android:label
		ADDED from src/main/AndroidManifest.xml:22:13-45
	android:parentActivityName
		ADDED from src/main/AndroidManifest.xml:24:13-80
	android:windowSoftInputMode
		ADDED from src/main/AndroidManifest.xml:25:13-68
	android:name
		ADDED from src/main/AndroidManifest.xml:21:13-66
service#in.swifiic.plat.helper.andi.GenericService
ADDED from src/main/AndroidManifest.xml:27:9-78
MERGED from [msngr:inswifiicandi:unspecified] AndroidManifest.xml:20:9-78
	android:name
		ADDED from src/main/AndroidManifest.xml:27:18-75
activity#in.swifiic.plat.helper.andi.ui.UserChooserActivity
ADDED from src/main/AndroidManifest.xml:29:9-32:52
MERGED from [msngr:inswifiicandi:unspecified] AndroidManifest.xml:16:9-18:43
	android:screenOrientation
		ADDED from src/main/AndroidManifest.xml:32:13-49
	android:label
		ADDED from src/main/AndroidManifest.xml:31:13-40
	android:name
		ADDED from src/main/AndroidManifest.xml:30:13-78
activity#in.swifiic.app.msngr.andi.SettingsActivity
ADDED from src/main/AndroidManifest.xml:33:9-41:20
	android:screenOrientation
		ADDED from src/main/AndroidManifest.xml:37:13-49
	android:label
		ADDED from src/main/AndroidManifest.xml:35:13-60
	android:parentActivityName
		ADDED from src/main/AndroidManifest.xml:36:13-80
	android:name
		ADDED from src/main/AndroidManifest.xml:34:13-70
meta-data#android.support.PARENT_ACTIVITY
ADDED from src/main/AndroidManifest.xml:38:13-40:77
	android:value
		ADDED from src/main/AndroidManifest.xml:40:17-74
	android:name
		ADDED from src/main/AndroidManifest.xml:39:17-63
receiver#in.swifiic.plat.helper.andi.IBRDtnReceiver
ADDED from src/main/AndroidManifest.xml:43:9-61:20
MERGED from [msngr:inswifiicandi:unspecified] AndroidManifest.xml:23:9-37:20
	android:enabled
		ADDED from src/main/AndroidManifest.xml:45:13-35
	android:exported
		ADDED from src/main/AndroidManifest.xml:46:13-36
	android:permission
		ADDED from src/main/AndroidManifest.xml:47:13-71
	android:name
		ADDED from src/main/AndroidManifest.xml:44:13-70
intent-filter#de.tubs.ibr.dtn.intent.RECEIVE+in.swifiic.app.msngr.andi
ADDED from src/main/AndroidManifest.xml:50:13-54:29
action#de.tubs.ibr.dtn.intent.RECEIVE
ADDED from src/main/AndroidManifest.xml:51:17-73
	android:name
		ADDED from src/main/AndroidManifest.xml:51:25-70
category#in.swifiic.app.msngr.andi
ADDED from src/main/AndroidManifest.xml:53:17-70
	android:name
		ADDED from src/main/AndroidManifest.xml:53:27-67
intent-filter#de.tubs.ibr.dtn.intent.STATUS_REPORT+in.swifiic.app.msngr.andi
ADDED from src/main/AndroidManifest.xml:56:13-60:29
action#de.tubs.ibr.dtn.intent.STATUS_REPORT
ADDED from src/main/AndroidManifest.xml:57:17-79
	android:name
		ADDED from src/main/AndroidManifest.xml:57:25-76
receiver#in.swifiic.plat.helper.andi.HubAddressReceiver
ADDED from src/main/AndroidManifest.xml:62:9-66:20
MERGED from [msngr:inswifiicandi:unspecified] AndroidManifest.xml:38:9-42:20
	android:name
		ADDED from src/main/AndroidManifest.xml:62:19-80
intent-filter#swifiic.suta.hubAddressUpdate
ADDED from src/main/AndroidManifest.xml:63:13-65:29
action#swifiic.suta.hubAddressUpdate
ADDED from src/main/AndroidManifest.xml:64:17-72
	android:name
		ADDED from src/main/AndroidManifest.xml:64:25-69
receiver#in.swifiic.app.msngr.andi.NewMessageReceiver
ADDED from src/main/AndroidManifest.xml:68:9-72:20
	android:name
		ADDED from src/main/AndroidManifest.xml:68:19-78
intent-filter#in.swifiic.app.DATA_RECEIVED
ADDED from src/main/AndroidManifest.xml:69:13-71:29
action#in.swifiic.app.DATA_RECEIVED
ADDED from src/main/AndroidManifest.xml:70:17-71
	android:name
		ADDED from src/main/AndroidManifest.xml:70:25-68
activity#in.swifiic.app.msngr.andi.ChatSummary
ADDED from src/main/AndroidManifest.xml:75:9-83:20
	android:label
		ADDED from src/main/AndroidManifest.xml:77:13-64
	android:name
		ADDED from src/main/AndroidManifest.xml:76:13-65
intent-filter#android.intent.action.MAIN+android.intent.category.LAUNCHER
ADDED from src/main/AndroidManifest.xml:78:13-82:29
action#android.intent.action.MAIN
ADDED from src/main/AndroidManifest.xml:79:17-69
	android:name
		ADDED from src/main/AndroidManifest.xml:79:25-66
category#android.intent.category.LAUNCHER
ADDED from src/main/AndroidManifest.xml:81:17-77
	android:name
		ADDED from src/main/AndroidManifest.xml:81:27-74
uses-permission#android.permission.WRITE_EXTERNAL_STORAGE
ADDED from [msngr:inswifiicandi:unspecified] AndroidManifest.xml:13:5-81
	android:name
		ADDED from [msngr:inswifiicandi:unspecified] AndroidManifest.xml:13:22-78
intent-filter#de.tubs.ibr.dtn.intent.RECEIVE
ADDED from [msngr:inswifiicandi:unspecified] AndroidManifest.xml:30:13-32:29
intent-filter#de.tubs.ibr.dtn.intent.STATUS_REPORT
ADDED from [msngr:inswifiicandi:unspecified] AndroidManifest.xml:34:13-36:29